#
# There is insufficient memory for the Java Runtime Environment to continue.
# Native memory allocation (malloc) failed to allocate 32744 bytes for ChunkPool::allocate
# Possible reasons:
#   The system is out of physical RAM or swap space
#   In 32 bit mode, the process size limit was hit
# Possible solutions:
#   Reduce memory load on the system
#   Increase physical memory or swap space
#   Check if swap backing store is full
#   Use 64 bit Java on a 64 bit OS
#   Decrease Java heap size (-Xmx/-Xms)
#   Decrease number of Java threads
#   Decrease Java thread stack sizes (-Xss)
#   Set larger code cache with -XX:ReservedCodeCacheSize=
# This output file may be truncated or incomplete.
#
#  Out of Memory Error (allocation.cpp:273), pid=4864, tid=0x00000000000014e4
#
# JRE version: Java(TM) SE Runtime Environment (8.0_121-b13) (build 1.8.0_121-b13)
# Java VM: Java HotSpot(TM) 64-Bit Server VM (25.121-b13 mixed mode windows-amd64 compressed oops)
# Failed to write core dump. Minidumps are not enabled by default on client versions of Windows
#

---------------  T H R E A D  ---------------

Current thread (0x000000005413a800):  JavaThread "C1 CompilerThread1" daemon [_thread_in_native, id=5348, stack(0x0000000055520000,0x0000000055620000)]

Stack: [0x0000000055520000,0x0000000055620000]
[error occurred during error reporting (printing stack bounds), id 0xc0000005]

Native frames: (J=compiled Java code, j=interpreted, Vv=VM code, C=native code)


Current CompileTask:
C1:  31753 2028       3       org.springframework.asm.ClassReader::accept (1250 bytes)


---------------  P R O C E S S  ---------------

Java Threads: ( => current thread )
  0x000000005413f800 JavaThread "AWT-Windows" daemon [_thread_in_native, id=3640, stack(0x0000000056540000,0x0000000056640000)]
  0x0000000055d2b000 JavaThread "Java2D Disposer" daemon [_thread_blocked, id=4600, stack(0x0000000056850000,0x0000000056950000)]
  0x0000000055bfb000 JavaThread "Monitor Ctrl-Break" daemon [_thread_in_native, id=4608, stack(0x0000000056720000,0x0000000056820000)]
  0x0000000055630800 JavaThread "Service Thread" daemon [_thread_blocked, id=5316, stack(0x0000000055a40000,0x0000000055b40000)]
=>0x000000005413a800 JavaThread "C1 CompilerThread1" daemon [_thread_in_native, id=5348, stack(0x0000000055520000,0x0000000055620000)]
  0x0000000054138800 JavaThread "C2 CompilerThread0" daemon [_thread_in_native, id=4100, stack(0x0000000055040000,0x0000000055140000)]
  0x0000000054137000 JavaThread "Attach Listener" daemon [_thread_blocked, id=5132, stack(0x00000000552e0000,0x00000000553e0000)]
  0x0000000054135800 JavaThread "Signal Dispatcher" daemon [_thread_blocked, id=5336, stack(0x0000000055170000,0x0000000055270000)]
  0x0000000054112000 JavaThread "Finalizer" daemon [_thread_blocked, id=1452, stack(0x0000000054dc0000,0x0000000054ec0000)]
  0x00000000540c8800 JavaThread "Reference Handler" daemon [_thread_blocked, id=1812, stack(0x0000000054b30000,0x0000000054c30000)]
  0x0000000002252000 JavaThread "main" [_thread_in_Java, id=5460, stack(0x00000000023c0000,0x00000000024c0000)]

Other Threads:
  0x00000000540c0800 VMThread [stack: 0x0000000054c30000,0x0000000054d30000] [id=5152]
  0x0000000055653800 WatcherThread [stack: 0x00000000553e0000,0x00000000554e0000] [id=2836]

VM state:not at safepoint (normal execution)

VM Mutex/Monitor currently owned by a thread: None

Heap:
 PSYoungGen      total 51200K, used 40511K [0x00000000f1580000, 0x00000000f7980000, 0x0000000100000000)
  eden space 46080K, 87% used [0x00000000f1580000,0x00000000f3d0fd48,0x00000000f4280000)
  from space 5120K, 0% used [0x00000000f4280000,0x00000000f4280000,0x00000000f4780000)
  to   space 5120K, 0% used [0x00000000f7480000,0x00000000f7480000,0x00000000f7980000)
 ParOldGen       total 25088K, used 9195K [0x00000000d4000000, 0x00000000d5880000, 0x00000000f1580000)
  object space 25088K, 36% used [0x00000000d4000000,0x00000000d48faf30,0x00000000d5880000)
 Metaspace       used 24735K, capacity 25434K, committed 25600K, reserved 1071104K
  class space    used 3128K, capacity 3321K, committed 3328K, reserved 1048576K

Card table byte_map: [0x0000000011b50000,0x0000000011cc0000] byte_map_base: 0x00000000114b0000

Marking Bits: (ParMarkBitMap*) 0x000000005aa6b6d0
 Begin Bits: [0x0000000012190000, 0x0000000012c90000)
 End Bits:   [0x0000000012c90000, 0x0000000013790000)

Polling page: 0x0000000000140000

CodeCache: size=245760Kb used=7135Kb max_used=7135Kb free=238624Kb
 bounds [0x0000000002790000, 0x0000000002e90000, 0x0000000011790000]
 total_blobs=2407 nmethods=1969 adapters=351
 compilation: enabled

Compilation events (10 events):
Event: 31.644 Thread 0x000000005413a800 nmethod 2023 0x0000000002e84650 code [0x0000000002e847a0, 0x0000000002e848b0]
Event: 31.645 Thread 0x000000005413a800 2024   !   3       org.springframework.core.type.filter.AbstractTypeHierarchyTraversingFilter::match (281 bytes)
Event: 31.647 Thread 0x000000005413a800 nmethod 2024 0x0000000002e84910 code [0x0000000002e84d40, 0x0000000002e87488]
Event: 31.663 Thread 0x000000005413a800 2025       3       sun.reflect.annotation.AnnotationParser::parseClassArray (79 bytes)
Event: 31.664 Thread 0x000000005413a800 nmethod 2025 0x0000000002e88810 code [0x0000000002e88a40, 0x0000000002e89748]
Event: 31.678 Thread 0x000000005413a800 2026       3       java.security.Permission::<init> (10 bytes)
Event: 31.681 Thread 0x000000005413a800 nmethod 2026 0x0000000002e89e90 code [0x0000000002e89fe0, 0x0000000002e8a1b0]
Event: 31.682 Thread 0x000000005413a800 2027       3       org.springframework.core.type.classreading.AnnotationMetadataReadingVisitor::visitAnnotation (40 bytes)
Event: 31.684 Thread 0x000000005413a800 nmethod 2027 0x0000000002e8a250 code [0x0000000002e8a480, 0x0000000002e8b038]
Event: 31.684 Thread 0x000000005413a800 2028       3       org.springframework.asm.ClassReader::accept (1250 bytes)

GC Heap History (10 events):
Event: 22.094 GC heap before
{Heap before GC invocations=4 (full 0):
 PSYoungGen      total 13312K, used 13280K [0x00000000f1580000, 0x00000000f2f80000, 0x0000000100000000)
  eden space 11776K, 100% used [0x00000000f1580000,0x00000000f2100000,0x00000000f2100000)
  from space 1536K, 97% used [0x00000000f2100000,0x00000000f2278020,0x00000000f2280000)
  to   space 1536K, 0% used [0x00000000f2e00000,0x00000000f2e00000,0x00000000f2f80000)
 ParOldGen       total 30208K, used 3889K [0x00000000d4000000, 0x00000000d5d80000, 0x00000000f1580000)
  object space 30208K, 12% used [0x00000000d4000000,0x00000000d43cc730,0x00000000d5d80000)
 Metaspace       used 13295K, capacity 13616K, committed 13824K, reserved 1060864K
  class space    used 1625K, capacity 1736K, committed 1792K, reserved 1048576K
Event: 22.108 GC heap after
Heap after GC invocations=4 (full 0):
 PSYoungGen      total 25088K, used 1504K [0x00000000f1580000, 0x00000000f2f80000, 0x0000000100000000)
  eden space 23552K, 0% used [0x00000000f1580000,0x00000000f1580000,0x00000000f2c80000)
  from space 1536K, 97% used [0x00000000f2e00000,0x00000000f2f78020,0x00000000f2f80000)
  to   space 1536K, 0% used [0x00000000f2c80000,0x00000000f2c80000,0x00000000f2e00000)
 ParOldGen       total 30208K, used 5130K [0x00000000d4000000, 0x00000000d5d80000, 0x00000000f1580000)
  object space 30208K, 16% used [0x00000000d4000000,0x00000000d45028e8,0x00000000d5d80000)
 Metaspace       used 13295K, capacity 13616K, committed 13824K, reserved 1060864K
  class space    used 1625K, capacity 1736K, committed 1792K, reserved 1048576K
}
Event: 23.690 GC heap before
{Heap before GC invocations=5 (full 0):
 PSYoungGen      total 25088K, used 25056K [0x00000000f1580000, 0x00000000f2f80000, 0x0000000100000000)
  eden space 23552K, 100% used [0x00000000f1580000,0x00000000f2c80000,0x00000000f2c80000)
  from space 1536K, 97% used [0x00000000f2e00000,0x00000000f2f78020,0x00000000f2f80000)
  to   space 1536K, 0% used [0x00000000f2c80000,0x00000000f2c80000,0x00000000f2e00000)
 ParOldGen       total 30208K, used 5130K [0x00000000d4000000, 0x00000000d5d80000, 0x00000000f1580000)
  object space 30208K, 16% used [0x00000000d4000000,0x00000000d45028e8,0x00000000d5d80000)
 Metaspace       used 15172K, capacity 15630K, committed 16000K, reserved 1062912K
  class space    used 1959K, capacity 2101K, committed 2176K, reserved 1048576K
Event: 23.716 GC heap after
Heap after GC invocations=5 (full 0):
 PSYoungGen      total 25088K, used 1504K [0x00000000f1580000, 0x00000000f4b80000, 0x0000000100000000)
  eden space 23552K, 0% used [0x00000000f1580000,0x00000000f1580000,0x00000000f2c80000)
  from space 1536K, 97% used [0x00000000f2c80000,0x00000000f2df8020,0x00000000f2e00000)
  to   space 4096K, 0% used [0x00000000f4780000,0x00000000f4780000,0x00000000f4b80000)
 ParOldGen       total 30208K, used 7445K [0x00000000d4000000, 0x00000000d5d80000, 0x00000000f1580000)
  object space 30208K, 24% used [0x00000000d4000000,0x00000000d47457f8,0x00000000d5d80000)
 Metaspace       used 15172K, capacity 15630K, committed 16000K, reserved 1062912K
  class space    used 1959K, capacity 2101K, committed 2176K, reserved 1048576K
}
Event: 25.215 GC heap before
{Heap before GC invocations=6 (full 0):
 PSYoungGen      total 25088K, used 25056K [0x00000000f1580000, 0x00000000f4b80000, 0x0000000100000000)
  eden space 23552K, 100% used [0x00000000f1580000,0x00000000f2c80000,0x00000000f2c80000)
  from space 1536K, 97% used [0x00000000f2c80000,0x00000000f2df8020,0x00000000f2e00000)
  to   space 4096K, 0% used [0x00000000f4780000,0x00000000f4780000,0x00000000f4b80000)
 ParOldGen       total 30208K, used 7445K [0x00000000d4000000, 0x00000000d5d80000, 0x00000000f1580000)
  object space 30208K, 24% used [0x00000000d4000000,0x00000000d47457f8,0x00000000d5d80000)
 Metaspace       used 18311K, capacity 18818K, committed 18944K, reserved 1064960K
  class space    used 2345K, capacity 2497K, committed 2560K, reserved 1048576K
Event: 25.242 GC heap after
Heap after GC invocations=6 (full 0):
 PSYoungGen      total 50176K, used 4094K [0x00000000f1580000, 0x00000000f4d80000, 0x0000000100000000)
  eden space 46080K, 0% used [0x00000000f1580000,0x00000000f1580000,0x00000000f4280000)
  from space 4096K, 99% used [0x00000000f4780000,0x00000000f4b7fad0,0x00000000f4b80000)
  to   space 5120K, 0% used [0x00000000f4280000,0x00000000f4280000,0x00000000f4780000)
 ParOldGen       total 30208K, used 8068K [0x00000000d4000000, 0x00000000d5d80000, 0x00000000f1580000)
  object space 30208K, 26% used [0x00000000d4000000,0x00000000d47e1018,0x00000000d5d80000)
 Metaspace       used 18311K, capacity 18818K, committed 18944K, reserved 1064960K
  class space    used 2345K, capacity 2497K, committed 2560K, reserved 1048576K
}
Event: 26.016 GC heap before
{Heap before GC invocations=7 (full 0):
 PSYoungGen      total 50176K, used 18165K [0x00000000f1580000, 0x00000000f4d80000, 0x0000000100000000)
  eden space 46080K, 30% used [0x00000000f1580000,0x00000000f233dba8,0x00000000f4280000)
  from space 4096K, 99% used [0x00000000f4780000,0x00000000f4b7fad0,0x00000000f4b80000)
  to   space 5120K, 0% used [0x00000000f4280000,0x00000000f4280000,0x00000000f4780000)
 ParOldGen       total 30208K, used 8068K [0x00000000d4000000, 0x00000000d5d80000, 0x00000000f1580000)
  object space 30208K, 26% used [0x00000000d4000000,0x00000000d47e1018,0x00000000d5d80000)
 Metaspace       used 20605K, capacity 21072K, committed 21248K, reserved 1067008K
  class space    used 2620K, capacity 2758K, committed 2816K, reserved 1048576K
Event: 26.064 GC heap after
Heap after GC invocations=7 (full 0):
 PSYoungGen      total 51200K, used 4030K [0x00000000f1580000, 0x00000000f7980000, 0x0000000100000000)
  eden space 46080K, 0% used [0x00000000f1580000,0x00000000f1580000,0x00000000f4280000)
  from space 5120K, 78% used [0x00000000f4280000,0x00000000f466f830,0x00000000f4780000)
  to   space 5120K, 0% used [0x00000000f7480000,0x00000000f7480000,0x00000000f7980000)
 ParOldGen       total 30208K, used 8509K [0x00000000d4000000, 0x00000000d5d80000, 0x00000000f1580000)
  object space 30208K, 28% used [0x00000000d4000000,0x00000000d484f5e8,0x00000000d5d80000)
 Metaspace       used 20605K, capacity 21072K, committed 21248K, reserved 1067008K
  class space    used 2620K, capacity 2758K, committed 2816K, reserved 1048576K
}
Event: 26.064 GC heap before
{Heap before GC invocations=8 (full 1):
 PSYoungGen      total 51200K, used 4030K [0x00000000f1580000, 0x00000000f7980000, 0x0000000100000000)
  eden space 46080K, 0% used [0x00000000f1580000,0x00000000f1580000,0x00000000f4280000)
  from space 5120K, 78% used [0x00000000f4280000,0x00000000f466f830,0x00000000f4780000)
  to   space 5120K, 0% used [0x00000000f7480000,0x00000000f7480000,0x00000000f7980000)
 ParOldGen       total 30208K, used 8509K [0x00000000d4000000, 0x00000000d5d80000, 0x00000000f1580000)
  object space 30208K, 28% used [0x00000000d4000000,0x00000000d484f5e8,0x00000000d5d80000)
 Metaspace       used 20605K, capacity 21072K, committed 21248K, reserved 1067008K
  class space    used 2620K, capacity 2758K, committed 2816K, reserved 1048576K
Event: 26.155 GC heap after
Heap after GC invocations=8 (full 1):
 PSYoungGen      total 51200K, used 0K [0x00000000f1580000, 0x00000000f7980000, 0x0000000100000000)
  eden space 46080K, 0% used [0x00000000f1580000,0x00000000f1580000,0x00000000f4280000)
  from space 5120K, 0% used [0x00000000f4280000,0x00000000f4280000,0x00000000f4780000)
  to   space 5120K, 0% used [0x00000000f7480000,0x00000000f7480000,0x00000000f7980000)
 ParOldGen       total 25088K, used 9195K [0x00000000d4000000, 0x00000000d5880000, 0x00000000f1580000)
  object space 25088K, 36% used [0x00000000d4000000,0x00000000d48faf30,0x00000000d5880000)
 Metaspace       used 20605K, capacity 21072K, committed 21248K, reserved 1067008K
  class space    used 2620K, capacity 2758K, committed 2816K, reserved 1048576K
}

Deoptimization events (10 events):
Event: 23.521 Thread 0x0000000002252000 Uncommon trap: reason=unstable_if action=reinterpret pc=0x0000000002a3c778 method=java.util.HashMap.getNode(ILjava/lang/Object;)Ljava/util/HashMap$Node; @ 129
Event: 23.521 Thread 0x0000000002252000 Uncommon trap: reason=unstable_if action=reinterpret pc=0x0000000002b163b4 method=java.util.HashMap.putVal(ILjava/lang/Object;Ljava/lang/Object;ZZ)Ljava/lang/Object; @ 193
Event: 23.521 Thread 0x0000000002252000 Uncommon trap: reason=unstable_if action=reinterpret pc=0x0000000002a23fe0 method=java.util.HashMap.getNode(ILjava/lang/Object;)Ljava/util/HashMap$Node; @ 129
Event: 23.929 Thread 0x0000000002252000 Uncommon trap: reason=unstable_if action=reinterpret pc=0x0000000002968c00 method=sun.nio.cs.UTF_8$Encoder.encode([CII[B)I @ 33
Event: 24.029 Thread 0x0000000055f31800 Uncommon trap: reason=unstable_if action=reinterpret pc=0x00000000028efd20 method=java.util.HashMap.putVal(ILjava/lang/Object;Ljava/lang/Object;ZZ)Ljava/lang/Object; @ 193
Event: 24.363 Thread 0x0000000055f31800 Uncommon trap: reason=unstable_if action=reinterpret pc=0x0000000002b49cd4 method=java.util.jar.Manifest$FastInputStream.readLine([BII)I @ 87
Event: 25.656 Thread 0x0000000002252000 Uncommon trap: reason=unstable_if action=reinterpret pc=0x0000000002a699c8 method=java.io.WinNTFileSystem.normalize(Ljava/lang/String;)Ljava/lang/String; @ 128
Event: 27.294 Thread 0x0000000055f31800 Uncommon trap: reason=unstable_if action=reinterpret pc=0x0000000002cb54c0 method=com.sun.org.apache.xerces.internal.impl.XMLEntityScanner.scanLiteral(ILcom/sun/org/apache/xerces/internal/xni/XMLString;Z)I @ 570
Event: 27.384 Thread 0x0000000055f31800 Uncommon trap: reason=unstable_if action=reinterpret pc=0x0000000002ca0a64 method=com.sun.org.apache.xerces.internal.impl.XMLEntityScanner.checkBeforeLoad(Lcom/sun/xml/internal/stream/Entity$ScannedEntity;II)I @ 18
Event: 27.592 Thread 0x0000000055f31800 Uncommon trap: reason=unstable_if action=reinterpret pc=0x0000000002cd898c method=com.sun.org.apache.xerces.internal.impl.XMLEntityScanner.skipSpaces()Z @ 125

Internal exceptions (10 events):
Event: 25.159 Thread 0x0000000002252000 Exception <a 'java/lang/ClassNotFoundException': org/springframework/beans/factory/AwareCustomizer> (0x00000000f2bb7290) thrown at [C:\re\workspace\8-2-build-windows-amd64-cygwin\jdk8u121\8372\hotspot\src\share\vm\classfile\systemDictionary.cpp, line 210]
Event: 25.160 Thread 0x0000000002252000 Exception <a 'java/lang/ClassNotFoundException': org/springframework/beans/factory/BeanClassLoaderAwareCustomizer> (0x00000000f2bcb550) thrown at [C:\re\workspace\8-2-build-windows-amd64-cygwin\jdk8u121\8372\hotspot\src\share\vm\classfile\systemDictionary
Event: 25.162 Thread 0x0000000002252000 Exception <a 'java/lang/ClassNotFoundException': org/springframework/beans/factory/AwareCustomizer> (0x00000000f2bdd1a0) thrown at [C:\re\workspace\8-2-build-windows-amd64-cygwin\jdk8u121\8372\hotspot\src\share\vm\classfile\systemDictionary.cpp, line 210]
Event: 25.162 Thread 0x0000000002252000 Exception <a 'java/lang/ClassNotFoundException': org/springframework/context/EnvironmentAwareCustomizer> (0x00000000f2beee90) thrown at [C:\re\workspace\8-2-build-windows-amd64-cygwin\jdk8u121\8372\hotspot\src\share\vm\classfile\systemDictionary.cpp, line
Event: 25.163 Thread 0x0000000002252000 Exception <a 'java/lang/ClassNotFoundException': org/springframework/beans/factory/AwareCustomizer> (0x00000000f2c00988) thrown at [C:\re\workspace\8-2-build-windows-amd64-cygwin\jdk8u121\8372\hotspot\src\share\vm\classfile\systemDictionary.cpp, line 210]
Event: 25.664 Thread 0x0000000002252000 Exception <a 'java/lang/NoSuchMethodError': java.lang.Object.lambda$comparing$77a9974f$1(Ljava/util/function/Function;Ljava/lang/Object;Ljava/lang/Object;)I> (0x00000000f1b9bca0) thrown at [C:\re\workspace\8-2-build-windows-amd64-cygwin\jdk8u121\8372\hots
Event: 26.382 Thread 0x0000000055f31800 Exception <a 'java/lang/IncompatibleClassChangeError': Found class java.lang.Object, but interface was expected> (0x00000000f192e498) thrown at [C:\re\workspace\8-2-build-windows-amd64-cygwin\jdk8u121\8372\hotspot\src\share\vm\interpreter\linkResolver.cpp
Event: 29.520 Thread 0x0000000002252000 Exception <a 'java/lang/IncompatibleClassChangeError': Found class java.lang.Object, but interface was expected> (0x00000000f2cb9038) thrown at [C:\re\workspace\8-2-build-windows-amd64-cygwin\jdk8u121\8372\hotspot\src\share\vm\interpreter\linkResolver.cpp
Event: 31.326 Thread 0x0000000002252000 Exception <a 'java/security/PrivilegedActionException'> (0x00000000f366c140) thrown at [C:\re\workspace\8-2-build-windows-amd64-cygwin\jdk8u121\8372\hotspot\src\share\vm\prims\jvm.cpp, line 1390]
Event: 31.326 Thread 0x0000000002252000 Exception <a 'java/security/PrivilegedActionException'> (0x00000000f366c538) thrown at [C:\re\workspace\8-2-build-windows-amd64-cygwin\jdk8u121\8372\hotspot\src\share\vm\prims\jvm.cpp, line 1390]

Events (10 events):
Event: 31.723 loading class com/couchbase/client/java/Bucket
Event: 31.723 loading class com/couchbase/client/java/Bucket done
Event: 31.723 loading class com/couchbase/client/spring/cache/CouchbaseCacheManager
Event: 31.723 loading class com/couchbase/client/spring/cache/CouchbaseCacheManager done
Event: 31.724 loading class org/springframework/data/redis/connection/RedisConnectionFactory
Event: 31.724 loading class org/springframework/data/redis/connection/RedisConnectionFactory done
Event: 31.725 loading class com/github/benmanes/caffeine/cache/Caffeine
Event: 31.725 loading class com/github/benmanes/caffeine/cache/Caffeine done
Event: 31.725 loading class org/springframework/cache/caffeine/CaffeineCacheManager
Event: 31.725 loading class org/springframework/cache/caffeine/CaffeineCacheManager done


Dynamic libraries:
0x000000013f990000 - 0x000000013f9c7000 	C:\Program Files\Java\jdk1.8.0_121\bin\java.exe
0x0000000077460000 - 0x000000007760b000 	C:\Windows\SYSTEM32\ntdll.dll
0x0000000077340000 - 0x000000007745f000 	C:\Windows\system32\kernel32.dll
0x000007fefd470000 - 0x000007fefd4db000 	C:\Windows\system32\KERNELBASE.dll
0x000007fefdf70000 - 0x000007fefe04b000 	C:\Windows\system32\ADVAPI32.dll
0x000007feff4d0000 - 0x000007feff56f000 	C:\Windows\system32\msvcrt.dll
0x000007feff4b0000 - 0x000007feff4cf000 	C:\Windows\SYSTEM32\sechost.dll
0x000007feff010000 - 0x000007feff13e000 	C:\Windows\system32\RPCRT4.dll
0x0000000077240000 - 0x000000007733a000 	C:\Windows\system32\USER32.dll
0x000007fefde40000 - 0x000007fefdea7000 	C:\Windows\system32\GDI32.dll
0x000007fefee80000 - 0x000007fefee8e000 	C:\Windows\system32\LPK.dll
0x000007feff140000 - 0x000007feff20a000 	C:\Windows\system32\USP10.dll
0x000007fefb9f0000 - 0x000007fefbbe4000 	C:\Windows\WinSxS\amd64_microsoft.windows.common-controls_6595b64144ccf1df_6.0.7600.16385_none_fa645303170382f6\COMCTL32.dll
0x000007feff5c0000 - 0x000007feff631000 	C:\Windows\system32\SHLWAPI.dll
0x000007feff400000 - 0x000007feff42e000 	C:\Windows\system32\IMM32.DLL
0x000007feff2f0000 - 0x000007feff3f9000 	C:\Windows\system32\MSCTF.dll
0x0000000069fd0000 - 0x000000006a0a2000 	C:\Program Files\Java\jdk1.8.0_121\jre\bin\msvcr100.dll
0x000000005a250000 - 0x000000005aaeb000 	C:\Program Files\Java\jdk1.8.0_121\jre\bin\server\jvm.dll
0x000007fefbe50000 - 0x000007fefbe59000 	C:\Windows\system32\WSOCK32.dll
0x000007feff570000 - 0x000007feff5bd000 	C:\Windows\system32\WS2_32.dll
0x000007fefde30000 - 0x000007fefde38000 	C:\Windows\system32\NSI.dll
0x000007fefbbf0000 - 0x000007fefbc2b000 	C:\Windows\system32\WINMM.dll
0x000007fefc490000 - 0x000007fefc49c000 	C:\Windows\system32\VERSION.dll
0x0000000077620000 - 0x0000000077627000 	C:\Windows\system32\PSAPI.DLL
0x000000006f340000 - 0x000000006f34f000 	C:\Program Files\Java\jdk1.8.0_121\jre\bin\verify.dll
0x000000006a290000 - 0x000000006a2b9000 	C:\Program Files\Java\jdk1.8.0_121\jre\bin\java.dll
0x000000006a110000 - 0x000000006a126000 	C:\Program Files\Java\jdk1.8.0_121\jre\bin\zip.dll
0x000007fefe0f0000 - 0x000007fefee76000 	C:\Windows\system32\SHELL32.dll
0x000007fefd790000 - 0x000007fefd991000 	C:\Windows\system32\ole32.dll
0x000007fefd3c0000 - 0x000007fefd3cf000 	C:\Windows\system32\profapi.dll
0x000007fefb010000 - 0x000007fefb020000 	C:\Program Files (x86)\JetBrains\IntelliJ IDEA 2016.2\bin\breakgen64.dll
0x0000000069fb0000 - 0x0000000069fca000 	C:\Program Files\Java\jdk1.8.0_121\jre\bin\net.dll
0x000007fefcc30000 - 0x000007fefcc84000 	C:\Windows\system32\mswsock.dll
0x000007fefcc20000 - 0x000007fefcc27000 	C:\Windows\System32\wship6.dll
0x0000000066e90000 - 0x0000000067028000 	C:\Program Files\Java\jdk1.8.0_121\jre\bin\awt.dll
0x000007feff210000 - 0x000007feff2e7000 	C:\Windows\system32\OLEAUT32.dll
0x000007fefb940000 - 0x000007fefb996000 	C:\Windows\system32\uxtheme.dll
0x000007fefb520000 - 0x000007fefb538000 	C:\Windows\system32\dwmapi.dll
0x000007fefd2f0000 - 0x000007fefd2ff000 	C:\Windows\system32\CRYPTBASE.dll
0x000000006f1d0000 - 0x000000006f1dd000 	C:\Program Files\Java\jdk1.8.0_121\jre\bin\management.dll
0x000007fefad70000 - 0x000007fefad85000 	C:\Windows\system32\NLAapi.dll
0x000007fefcab0000 - 0x000007fefcb0b000 	C:\Windows\system32\DNSAPI.dll
0x000007fef7e30000 - 0x000007fef7e3b000 	C:\Windows\System32\winrnr.dll
0x000007fef7e10000 - 0x000007fef7e25000 	C:\Windows\system32\napinsp.dll
0x000007fef7d70000 - 0x000007fef7d89000 	C:\Windows\system32\pnrpnsp.dll
0x000007fef98f0000 - 0x000007fef991f000 	C:\Program Files\Common Files\Microsoft Shared\Windows Live\WLIDNSP.DLL
0x000007fefc5b0000 - 0x000007fefc5b7000 	C:\Windows\System32\wshtcpip.dll
0x000007fefabd0000 - 0x000007fefabf7000 	C:\Windows\system32\IPHLPAPI.DLL
0x000007fefabb0000 - 0x000007fefabbb000 	C:\Windows\system32\WINNSI.DLL
0x000007fef9a60000 - 0x000007fef9a68000 	C:\Windows\system32\rasadhlp.dll
0x000007fefaa60000 - 0x000007fefaab3000 	C:\Windows\System32\fwpuclnt.dll
0x0000000069f90000 - 0x0000000069fa1000 	C:\Program Files\Java\jdk1.8.0_121\jre\bin\nio.dll

VM Arguments:
jvm_args: -Dspring.output.ansi.enabled=always -Didea.launcher.port=7532 -Didea.launcher.bin.path=C:\Program Files (x86)\JetBrains\IntelliJ IDEA 2016.2\bin -Dfile.encoding=UTF-8 
java_command: com.intellij.rt.execution.application.AppMain com.work.sqlServerProject.SqlServerProjectApplication
java_class_path (initial): C:\Program Files\Java\jdk1.8.0_121\jre\lib\charsets.jar;C:\Program Files\Java\jdk1.8.0_121\jre\lib\deploy.jar;C:\Program Files\Java\jdk1.8.0_121\jre\lib\ext\access-bridge-64.jar;C:\Program Files\Java\jdk1.8.0_121\jre\lib\ext\cldrdata.jar;C:\Program Files\Java\jdk1.8.0_121\jre\lib\ext\dnsns.jar;C:\Program Files\Java\jdk1.8.0_121\jre\lib\ext\jaccess.jar;C:\Program Files\Java\jdk1.8.0_121\jre\lib\ext\jfxrt.jar;C:\Program Files\Java\jdk1.8.0_121\jre\lib\ext\localedata.jar;C:\Program Files\Java\jdk1.8.0_121\jre\lib\ext\nashorn.jar;C:\Program Files\Java\jdk1.8.0_121\jre\lib\ext\sunec.jar;C:\Program Files\Java\jdk1.8.0_121\jre\lib\ext\sunjce_provider.jar;C:\Program Files\Java\jdk1.8.0_121\jre\lib\ext\sunmscapi.jar;C:\Program Files\Java\jdk1.8.0_121\jre\lib\ext\sunpkcs11.jar;C:\Program Files\Java\jdk1.8.0_121\jre\lib\ext\zipfs.jar;C:\Program Files\Java\jdk1.8.0_121\jre\lib\javaws.jar;C:\Program Files\Java\jdk1.8.0_121\jre\lib\jce.jar;C:\Program Files\Java\jdk1.8.0_121\jre\lib\jfr.jar;C:\Program Files\Java\jdk1.8.0_121\jre\lib\jfxswt.jar;C:\Program Files\Java\jdk1.8.0_121\jre\lib\jsse.jar;C:\Program Files\Java\jdk1.8.0_121\jre\lib\management-agent.jar;C:\Program Files\Java\jdk1.8.0_121\jre\lib\plugin.jar;C:\Program Files\Java\jdk1.8.0_121\jre\lib\resources.jar;C:\Program Files\Java\jdk1.8.0_121\jre\lib\rt.jar;C:\projects\sqlServerProject\target\classes;C:\Users\Александр\.m2\repository\org\springframework\boot\spring-boot-starter-jdbc\2.1.3.BUILD-SNAPSHOT\spring-boot-starter-jdbc-2.1.3.BUILD-20190215.100247-31.jar;C:\Users\Александр\.m2\repository\org\springframework\boot\spring-boot-starter\2.1.3.BUILD-SNAPSHOT\spring-boot-starter-2.1.3.BUILD-20190215.100300-31.jar;C:\Users\Александр\.m2\repository\org\springframework\boot\spring-boot\2.1.3.BUILD-SNAPSHOT\spring-boot-2.1.3.BUILD-20190215.100305-31.jar;C:\Users\Александр\.m2\repository\org\springframework\boot\spring-boot-autoconfigure\2.1.3.BUILD-SNAPSHOT\spring-boot-autoconfigure-2.1.3.BUILD-20
Launcher Type: SUN_STANDARD

Environment Variables:
JAVA_HOME=C:\Program Files\Java\jdk1.8.0_121
CLASSPATH=.;C:\Program Files (x86)\Java\jre6\lib\ext\QTJava.zip
PATH=C:\Program Files\Common Files\Microsoft Shared\Windows Live;C:\Program Files (x86)\Common Files\Microsoft Shared\Windows Live;C:\Windows\system32;C:\Windows;C:\Windows\System32\Wbem;C:\Windows\System32\WindowsPowerShell\v1.0\;C:\Program Files (x86)\ATI Technologies\ATI.ACE\Core-Static;C:\Program Files (x86)\Smart Projects\IsoBuster;C:\Program Files (x86)\QuickTime\QTSystem\;C:\Program Files (x86)\Windows Live\Shared;C:\Program Files\Java\jdk1.8.0_121\bin;C:\apache-maven-3.5.4\bin;C:\Program Files\MySQL\MySQL Utilities 1.6\
USERNAME=Александр
OS=Windows_NT
PROCESSOR_IDENTIFIER=AMD64 Family 16 Model 6 Stepping 2, AuthenticAMD



---------------  S Y S T E M  ---------------

OS: Windows 7 , 64 bit Build 7600 (6.1.7600.16385)

CPU:total 2 (2 cores per cpu, 1 threads per core) family 16 model 6 stepping 2, cmov, cx8, fxsr, mmx, sse, sse2, sse3, popcnt, mmxext, 3dnowpref, lzcnt, tsc, tscinvbit, tscinv

Memory: 4k page, physical 2879692k(395496k free), swap 4398912k(3088k free)

vm_info: Java HotSpot(TM) 64-Bit Server VM (25.121-b13) for windows-amd64 JRE (1.8.0_121-b13), built on Dec 12 2016 18:21:36 by "java_re" with MS VC++ 10.0 (VS2010)

time: Mon Aug 05 22:35:34 2019
elapsed time: 31 seconds (0d 0h 0m 31s)

